app/build/intermediates/manifest_merge_blame_file/debug/manifest-merger-blame-debug-report.txt
1<?xml version="1.0" encoding="utf-8"?>
2<manifest xmlns:android="http://schemas.android.com/apk/res/android"
3    package="com.mongodb.app"
4    android:versionCode="1"
5    android:versionName="1.0" >
6
7    <uses-sdk
8        android:minSdkVersion="26"
8-->src\main\AndroidManifest.xml
9        android:targetSdkVersion="32" />
9-->src\main\AndroidManifest.xml
10    <!-- Added below for paypal to work -->
11    <uses-permission android:name="android.permission.INTERNET" />
11-->src\main\AndroidManifest.xml:5:5-67
11-->src\main\AndroidManifest.xml:5:22-64
12    <uses-permission android:name="android.permission.ACCESS_NETWORK_STATE" />
12-->[io.realm:realm-android-library-object-server:10.3.1] AndroidManifest.xml:10:5-79
12-->[io.realm:realm-android-library-object-server:10.3.1] AndroidManifest.xml:10:22-76
13
14    <uses-feature
14-->[com.google.android.gms:play-services-maps:18.0.2] AndroidManifest.xml:26:5-28:35
15        android:glEsVersion="0x00020000"
15-->[com.google.android.gms:play-services-maps:18.0.2] AndroidManifest.xml:27:9-41
16        android:required="true" />
16-->[com.google.android.gms:play-services-maps:18.0.2] AndroidManifest.xml:28:9-32
17
18    <queries>
18-->[com.google.android.gms:play-services-maps:18.0.2] AndroidManifest.xml:30:5-34:15
19
20        <!-- Needs to be explicitly declared on Android R+ -->
21        <package android:name="com.google.android.apps.maps" />
21-->[com.google.android.gms:play-services-maps:18.0.2] AndroidManifest.xml:33:9-64
21-->[com.google.android.gms:play-services-maps:18.0.2] AndroidManifest.xml:33:18-61
22    </queries>
23
24    <uses-permission android:name="android.permission.CAMERA" />
24-->[io.card:android-sdk:5.3.4] AndroidManifest.xml:11:5-65
24-->[io.card:android-sdk:5.3.4] AndroidManifest.xml:11:22-62
25    <uses-permission android:name="android.permission.VIBRATE" />
25-->[io.card:android-sdk:5.3.4] AndroidManifest.xml:12:5-66
25-->[io.card:android-sdk:5.3.4] AndroidManifest.xml:12:22-63
26
27    <uses-feature
27-->[io.card:android-sdk:5.3.4] AndroidManifest.xml:14:5-16:36
28        android:name="android.hardware.camera"
28-->[io.card:android-sdk:5.3.4] AndroidManifest.xml:15:9-47
29        android:required="false" />
29-->[io.card:android-sdk:5.3.4] AndroidManifest.xml:16:9-33
30    <uses-feature
30-->[io.card:android-sdk:5.3.4] AndroidManifest.xml:17:5-19:36
31        android:name="android.hardware.camera.autofocus"
31-->[io.card:android-sdk:5.3.4] AndroidManifest.xml:18:9-57
32        android:required="false" />
32-->[io.card:android-sdk:5.3.4] AndroidManifest.xml:19:9-33
33
34    <application
34-->src\main\AndroidManifest.xml:7:5-164:19
35        android:name="com.mongodb.app.App"
35-->src\main\AndroidManifest.xml:8:9-28
36        android:allowBackup="true"
36-->src\main\AndroidManifest.xml:9:9-35
37        android:appComponentFactory="androidx.core.app.CoreComponentFactory"
37-->[androidx.core:core:1.7.0] AndroidManifest.xml:24:18-86
38        android:debuggable="true"
39        android:extractNativeLibs="false"
40        android:icon="@mipmap/ic_launcher"
40-->src\main\AndroidManifest.xml:10:9-43
41        android:label="@string/app_name"
41-->src\main\AndroidManifest.xml:11:9-41
42        android:roundIcon="@mipmap/ic_launcher_round"
42-->src\main\AndroidManifest.xml:12:9-54
43        android:supportsRtl="true"
43-->src\main\AndroidManifest.xml:13:9-35
44        android:testOnly="true"
45        android:theme="@style/Theme.App" >
45-->src\main\AndroidManifest.xml:14:9-41
46        <meta-data
46-->src\main\AndroidManifest.xml:15:9-17:69
47            android:name="com.google.android.gms.version"
47-->src\main\AndroidManifest.xml:16:13-58
48            android:value="@integer/google_play_services_version" />
48-->src\main\AndroidManifest.xml:17:13-66
49
50<!--              The API key for Google Maps-based APIs. -->
51        <meta-data
51-->src\main\AndroidManifest.xml:22:9-24:44
52            android:name="com.google.android.geo.API_KEY"
52-->src\main\AndroidManifest.xml:23:13-58
53            android:value="MAPS_API_KEY" />
53-->src\main\AndroidManifest.xml:24:13-41
54
55        <activity
55-->src\main\AndroidManifest.xml:25:9-27:40
56            android:name="com.mongodb.app.ChatActivity"
56-->src\main\AndroidManifest.xml:26:13-41
57            android:exported="false" />
57-->src\main\AndroidManifest.xml:27:13-37
58        <activity
58-->src\main\AndroidManifest.xml:28:9-30:40
59            android:name="com.mongodb.app.MyRatingsActivity"
59-->src\main\AndroidManifest.xml:29:13-46
60            android:exported="false" />
60-->src\main\AndroidManifest.xml:30:13-37
61        <activity
61-->src\main\AndroidManifest.xml:31:9-33:40
62            android:name="com.mongodb.app.GroupListActivity"
62-->src\main\AndroidManifest.xml:32:13-46
63            android:exported="false" />
63-->src\main\AndroidManifest.xml:33:13-37
64        <activity
64-->src\main\AndroidManifest.xml:34:9-36:40
65            android:name="com.mongodb.app.ChatRoom"
65-->src\main\AndroidManifest.xml:35:13-37
66            android:exported="false" />
66-->src\main\AndroidManifest.xml:36:13-37
67        <activity
67-->src\main\AndroidManifest.xml:37:9-39:40
68            android:name="com.mongodb.app.RulesActivity"
68-->src\main\AndroidManifest.xml:38:13-42
69            android:exported="false" />
69-->src\main\AndroidManifest.xml:39:13-37
70        <activity
70-->src\main\AndroidManifest.xml:40:9-42:39
71            android:name="com.mongodb.app.MapsMarkerActivity"
71-->src\main\AndroidManifest.xml:41:13-47
72            android:exported="true" />
72-->src\main\AndroidManifest.xml:42:13-36
73        <activity
73-->src\main\AndroidManifest.xml:43:9-45:40
74            android:name="com.mongodb.app.RateOrganizerActivity"
74-->src\main\AndroidManifest.xml:44:13-50
75            android:exported="false" />
75-->src\main\AndroidManifest.xml:45:13-37
76        <activity
76-->src\main\AndroidManifest.xml:46:9-48:40
77            android:name="com.mongodb.app.CreateGroupActivity"
77-->src\main\AndroidManifest.xml:47:13-48
78            android:exported="false" />
78-->src\main\AndroidManifest.xml:48:13-37
79        <activity
79-->src\main\AndroidManifest.xml:49:9-51:40
80            android:name="com.mongodb.app.TimerActivity"
80-->src\main\AndroidManifest.xml:50:13-42
81            android:exported="false" />
81-->src\main\AndroidManifest.xml:51:13-37
82        <activity
82-->src\main\AndroidManifest.xml:52:9-54:40
83            android:name="com.mongodb.app.TournamentPageActivity"
83-->src\main\AndroidManifest.xml:53:13-51
84            android:exported="false" />
84-->src\main\AndroidManifest.xml:54:13-37
85        <activity
85-->src\main\AndroidManifest.xml:55:9-57:40
86            android:name="com.mongodb.app.TournamentsOwnActivity"
86-->src\main\AndroidManifest.xml:56:13-51
87            android:exported="false" />
87-->src\main\AndroidManifest.xml:57:13-37
88        <activity
88-->src\main\AndroidManifest.xml:58:9-60:40
89            android:name="com.mongodb.app.ParticipantActivity"
89-->src\main\AndroidManifest.xml:59:13-48
90            android:exported="false" />
90-->src\main\AndroidManifest.xml:60:13-37
91        <activity
91-->src\main\AndroidManifest.xml:61:9-63:40
92            android:name="com.mongodb.app.ActiveUpcomingTournament"
92-->src\main\AndroidManifest.xml:62:13-53
93            android:exported="false" />
93-->src\main\AndroidManifest.xml:63:13-37
94        <activity
94-->src\main\AndroidManifest.xml:64:9-67:58
95            android:name="com.mongodb.app.BracketActivity"
95-->src\main\AndroidManifest.xml:65:13-44
96            android:exported="false"
96-->src\main\AndroidManifest.xml:66:13-37
97            android:parentActivityName="com.mongodb.app.HomeActivity" />
97-->src\main\AndroidManifest.xml:67:13-55
98        <activity
98-->src\main\AndroidManifest.xml:68:9-71:52
99            android:name="com.mongodb.app.PlayerActivity"
99-->src\main\AndroidManifest.xml:69:13-43
100            android:parentActivityName="com.mongodb.app.ProfileActivity"
100-->src\main\AndroidManifest.xml:70:13-58
101            android:screenOrientation="nosensor" />
101-->src\main\AndroidManifest.xml:71:13-49
102        <activity
102-->src\main\AndroidManifest.xml:72:9-74:52
103            android:name="com.mongodb.app.afterNotification"
103-->src\main\AndroidManifest.xml:73:13-46
104            android:screenOrientation="nosensor" />
104-->src\main\AndroidManifest.xml:74:13-49
105        <activity
105-->src\main\AndroidManifest.xml:75:9-77:52
106            android:name="com.mongodb.app.MyGroupsActivity"
106-->src\main\AndroidManifest.xml:76:13-45
107            android:screenOrientation="nosensor" />
107-->src\main\AndroidManifest.xml:77:13-49
108        <activity
108-->src\main\AndroidManifest.xml:78:9-80:52
109            android:name="com.mongodb.app.ReportActivity"
109-->src\main\AndroidManifest.xml:79:13-43
110            android:screenOrientation="nosensor" />
110-->src\main\AndroidManifest.xml:80:13-49
111        <activity
111-->src\main\AndroidManifest.xml:81:9-84:52
112            android:name="com.mongodb.app.SearchTournamentActivity"
112-->src\main\AndroidManifest.xml:82:13-53
113            android:parentActivityName="com.mongodb.app.HomeActivity"
113-->src\main\AndroidManifest.xml:83:13-55
114            android:screenOrientation="nosensor" />
114-->src\main\AndroidManifest.xml:84:13-49
115        <activity
115-->src\main\AndroidManifest.xml:85:9-88:52
116            android:name="com.mongodb.app.RegisterActivity"
116-->src\main\AndroidManifest.xml:86:13-45
117            android:parentActivityName="com.mongodb.app.LoginActivity"
117-->src\main\AndroidManifest.xml:87:13-56
118            android:screenOrientation="nosensor" />
118-->src\main\AndroidManifest.xml:88:13-49
119        <activity
119-->src\main\AndroidManifest.xml:89:9-92:52
120            android:name="com.mongodb.app.CreateTournamentActivity"
120-->src\main\AndroidManifest.xml:90:13-53
121            android:parentActivityName="com.mongodb.app.HomeActivity"
121-->src\main\AndroidManifest.xml:91:13-55
122            android:screenOrientation="nosensor" />
122-->src\main\AndroidManifest.xml:92:13-49
123        <activity
123-->src\main\AndroidManifest.xml:93:9-95:52
124            android:name="com.mongodb.app.HomeActivity"
124-->src\main\AndroidManifest.xml:94:13-41
125            android:screenOrientation="nosensor" />
125-->src\main\AndroidManifest.xml:95:13-49
126        <activity
126-->src\main\AndroidManifest.xml:96:9-98:52
127            android:name="com.mongodb.app.games.GamesListActivity"
127-->src\main\AndroidManifest.xml:97:13-52
128            android:screenOrientation="nosensor" />
128-->src\main\AndroidManifest.xml:98:13-49
129        <activity
129-->src\main\AndroidManifest.xml:99:9-101:52
130            android:name="com.mongodb.app.games.GameDetailActivity"
130-->src\main\AndroidManifest.xml:100:13-53
131            android:screenOrientation="nosensor" />
131-->src\main\AndroidManifest.xml:101:13-49
132        <activity
132-->src\main\AndroidManifest.xml:102:9-104:52
133            android:name="com.mongodb.app.TournamentActivity"
133-->src\main\AndroidManifest.xml:103:13-47
134            android:screenOrientation="nosensor" />
134-->src\main\AndroidManifest.xml:104:13-49
135        <activity
135-->src\main\AndroidManifest.xml:105:9-107:52
136            android:name="com.mongodb.app.TournamentDetailActivity"
136-->src\main\AndroidManifest.xml:106:13-53
137            android:screenOrientation="nosensor" />
137-->src\main\AndroidManifest.xml:107:13-49
138        <activity
138-->src\main\AndroidManifest.xml:108:9-111:52
139            android:name="com.mongodb.app.ProfileActivity"
139-->src\main\AndroidManifest.xml:109:13-44
140            android:parentActivityName="com.mongodb.app.HomeActivity"
140-->src\main\AndroidManifest.xml:110:13-55
141            android:screenOrientation="nosensor" />
141-->src\main\AndroidManifest.xml:111:13-49
142        <activity
142-->src\main\AndroidManifest.xml:112:9-114:52
143            android:name="com.mongodb.app.EditProfileActivity"
143-->src\main\AndroidManifest.xml:113:13-48
144            android:screenOrientation="nosensor" />
144-->src\main\AndroidManifest.xml:114:13-49
145        <activity
145-->src\main\AndroidManifest.xml:115:9-117:52
146            android:name="com.mongodb.app.ChangePassActivity"
146-->src\main\AndroidManifest.xml:116:13-47
147            android:screenOrientation="nosensor" />
147-->src\main\AndroidManifest.xml:117:13-49
148        <activity
148-->src\main\AndroidManifest.xml:118:9-121:52
149            android:name="com.mongodb.app.SettingsActivity"
149-->src\main\AndroidManifest.xml:119:13-45
150            android:parentActivityName="com.mongodb.app.HomeActivity"
150-->src\main\AndroidManifest.xml:120:13-55
151            android:screenOrientation="nosensor" />
151-->src\main\AndroidManifest.xml:121:13-49
152        <activity
152-->src\main\AndroidManifest.xml:122:9-124:52
153            android:name="com.mongodb.app.QRCodeActivity"
153-->src\main\AndroidManifest.xml:123:13-43
154            android:screenOrientation="nosensor" />
154-->src\main\AndroidManifest.xml:124:13-49
155        <activity
155-->src\main\AndroidManifest.xml:125:9-127:52
156            android:name="com.mongodb.app.SuggestionPageActivity"
156-->src\main\AndroidManifest.xml:126:13-51
157            android:screenOrientation="nosensor" />
157-->src\main\AndroidManifest.xml:127:13-49
158        <activity
158-->src\main\AndroidManifest.xml:128:9-130:52
159            android:name="com.mongodb.app.RankingActivity"
159-->src\main\AndroidManifest.xml:129:13-44
160            android:screenOrientation="nosensor" />
160-->src\main\AndroidManifest.xml:130:13-49
161        <activity
161-->src\main\AndroidManifest.xml:131:9-134:52
162            android:name="com.mongodb.app.PaypalActivity"
162-->src\main\AndroidManifest.xml:132:13-43
163            android:exported="true"
163-->src\main\AndroidManifest.xml:133:13-36
164            android:screenOrientation="nosensor" />
164-->src\main\AndroidManifest.xml:134:13-49
165        <activity
165-->src\main\AndroidManifest.xml:135:9-138:52
166            android:name="com.mongodb.app.activty.CheckoutActivity"
166-->src\main\AndroidManifest.xml:136:13-53
167            android:exported="true"
167-->src\main\AndroidManifest.xml:137:13-36
168            android:screenOrientation="nosensor" />
168-->src\main\AndroidManifest.xml:138:13-49
169        <activity
169-->src\main\AndroidManifest.xml:139:9-141:52
170            android:name="com.mongodb.app.NewProfile"
170-->src\main\AndroidManifest.xml:140:13-39
171            android:screenOrientation="nosensor" /> <!-- <activity -->
171-->src\main\AndroidManifest.xml:141:13-49
172        <!-- android:name=".LoginActivity" -->
173        <!-- android:screenOrientation="nosensor" /> -->
174        <activity
174-->src\main\AndroidManifest.xml:144:9-154:20
175            android:name="com.mongodb.app.LoginActivity"
175-->src\main\AndroidManifest.xml:145:13-42
176            android:exported="true"
176-->src\main\AndroidManifest.xml:146:13-36
177            android:label="@string/app_name"
177-->src\main\AndroidManifest.xml:147:13-45
178            android:screenOrientation="nosensor" >
178-->src\main\AndroidManifest.xml:148:13-49
179            <intent-filter>
179-->src\main\AndroidManifest.xml:149:13-153:29
180                <action android:name="android.intent.action.MAIN" />
180-->src\main\AndroidManifest.xml:150:17-69
180-->src\main\AndroidManifest.xml:150:25-66
181
182                <category android:name="android.intent.category.LAUNCHER" />
182-->src\main\AndroidManifest.xml:152:17-77
182-->src\main\AndroidManifest.xml:152:27-74
183            </intent-filter>
184        </activity>
185
186        <meta-data
186-->src\main\AndroidManifest.xml:156:9-158:57
187            android:name="preloaded_fonts"
187-->src\main\AndroidManifest.xml:157:13-43
188            android:resource="@array/preloaded_fonts" />
188-->src\main\AndroidManifest.xml:158:13-54
189
190        <!-- // google API implementation -->
191        <meta-data
191-->src\main\AndroidManifest.xml:161:9-163:36
192            android:name="com.google.android.gms.wallet.api.enabled"
192-->src\main\AndroidManifest.xml:162:13-69
193            android:value="true" />
193-->src\main\AndroidManifest.xml:163:13-33
194
195        <uses-library
195-->[androidx.window:window:1.0.0] AndroidManifest.xml:25:9-27:40
196            android:name="androidx.window.extensions"
196-->[androidx.window:window:1.0.0] AndroidManifest.xml:26:13-54
197            android:required="false" />
197-->[androidx.window:window:1.0.0] AndroidManifest.xml:27:13-37
198        <uses-library
198-->[androidx.window:window:1.0.0] AndroidManifest.xml:28:9-30:40
199            android:name="androidx.window.sidecar"
199-->[androidx.window:window:1.0.0] AndroidManifest.xml:29:13-51
200            android:required="false" /> <!-- Needs to be explicitly declared on P+ -->
200-->[androidx.window:window:1.0.0] AndroidManifest.xml:30:13-37
201        <uses-library
201-->[com.google.android.gms:play-services-maps:18.0.2] AndroidManifest.xml:39:9-41:40
202            android:name="org.apache.http.legacy"
202-->[com.google.android.gms:play-services-maps:18.0.2] AndroidManifest.xml:40:13-50
203            android:required="false" />
203-->[com.google.android.gms:play-services-maps:18.0.2] AndroidManifest.xml:41:13-37
204
205        <activity
205-->[com.google.android.gms:play-services-base:18.0.1] AndroidManifest.xml:20:9-22:45
206            android:name="com.google.android.gms.common.api.GoogleApiActivity"
206-->[com.google.android.gms:play-services-base:18.0.1] AndroidManifest.xml:20:19-85
207            android:exported="false"
207-->[com.google.android.gms:play-services-base:18.0.1] AndroidManifest.xml:22:19-43
208            android:theme="@android:style/Theme.Translucent.NoTitleBar" />
208-->[com.google.android.gms:play-services-base:18.0.1] AndroidManifest.xml:21:19-78
209
210        <provider
210-->[com.squareup.picasso:picasso:2.71828] AndroidManifest.xml:8:9-11:40
211            android:name="com.squareup.picasso.PicassoProvider"
211-->[com.squareup.picasso:picasso:2.71828] AndroidManifest.xml:9:13-64
212            android:authorities="com.mongodb.app.com.squareup.picasso"
212-->[com.squareup.picasso:picasso:2.71828] AndroidManifest.xml:10:13-72
213            android:exported="false" />
213-->[com.squareup.picasso:picasso:2.71828] AndroidManifest.xml:11:13-37
214        <provider
214-->[androidx.emoji2:emoji2:1.0.0] AndroidManifest.xml:26:9-34:20
215            android:name="androidx.startup.InitializationProvider"
215-->[androidx.emoji2:emoji2:1.0.0] AndroidManifest.xml:27:13-67
216            android:authorities="com.mongodb.app.androidx-startup"
216-->[androidx.emoji2:emoji2:1.0.0] AndroidManifest.xml:28:13-68
217            android:exported="false" >
217-->[androidx.emoji2:emoji2:1.0.0] AndroidManifest.xml:29:13-37
218            <meta-data
218-->[androidx.emoji2:emoji2:1.0.0] AndroidManifest.xml:31:13-33:52
219                android:name="androidx.emoji2.text.EmojiCompatInitializer"
219-->[androidx.emoji2:emoji2:1.0.0] AndroidManifest.xml:32:17-75
220                android:value="androidx.startup" />
220-->[androidx.emoji2:emoji2:1.0.0] AndroidManifest.xml:33:17-49
221            <meta-data
221-->[androidx.lifecycle:lifecycle-process:2.4.0] AndroidManifest.xml:31:13-33:52
222                android:name="androidx.lifecycle.ProcessLifecycleInitializer"
222-->[androidx.lifecycle:lifecycle-process:2.4.0] AndroidManifest.xml:32:17-78
223                android:value="androidx.startup" />
223-->[androidx.lifecycle:lifecycle-process:2.4.0] AndroidManifest.xml:33:17-49
224        </provider>
225
226        <activity android:name="com.paypal.android.sdk.payments.PaymentActivity" />
226-->[com.paypal.sdk:paypal-android-sdk:2.14.2] AndroidManifest.xml:13:9-84
226-->[com.paypal.sdk:paypal-android-sdk:2.14.2] AndroidManifest.xml:13:19-81
227        <activity android:name="com.paypal.android.sdk.payments.PaymentMethodActivity" />
227-->[com.paypal.sdk:paypal-android-sdk:2.14.2] AndroidManifest.xml:14:9-90
227-->[com.paypal.sdk:paypal-android-sdk:2.14.2] AndroidManifest.xml:14:19-87
228        <activity android:name="com.paypal.android.sdk.payments.PaymentConfirmActivity" />
228-->[com.paypal.sdk:paypal-android-sdk:2.14.2] AndroidManifest.xml:15:9-91
228-->[com.paypal.sdk:paypal-android-sdk:2.14.2] AndroidManifest.xml:15:19-88
229        <activity android:name="com.paypal.android.sdk.payments.LoginActivity" />
229-->[com.paypal.sdk:paypal-android-sdk:2.14.2] AndroidManifest.xml:16:9-82
229-->[com.paypal.sdk:paypal-android-sdk:2.14.2] AndroidManifest.xml:16:19-79
230        <activity android:name="com.paypal.android.sdk.payments.PayPalFuturePaymentActivity" />
230-->[com.paypal.sdk:paypal-android-sdk:2.14.2] AndroidManifest.xml:17:9-96
230-->[com.paypal.sdk:paypal-android-sdk:2.14.2] AndroidManifest.xml:17:19-93
231        <activity android:name="com.paypal.android.sdk.payments.FuturePaymentConsentActivity" />
231-->[com.paypal.sdk:paypal-android-sdk:2.14.2] AndroidManifest.xml:18:9-97
231-->[com.paypal.sdk:paypal-android-sdk:2.14.2] AndroidManifest.xml:18:19-94
232        <activity android:name="com.paypal.android.sdk.payments.FuturePaymentInfoActivity" />
232-->[com.paypal.sdk:paypal-android-sdk:2.14.2] AndroidManifest.xml:19:9-94
232-->[com.paypal.sdk:paypal-android-sdk:2.14.2] AndroidManifest.xml:19:19-91
233        <activity android:name="com.paypal.android.sdk.payments.PayPalProfileSharingActivity" />
233-->[com.paypal.sdk:paypal-android-sdk:2.14.2] AndroidManifest.xml:20:9-97
233-->[com.paypal.sdk:paypal-android-sdk:2.14.2] AndroidManifest.xml:20:19-94
234        <activity android:name="com.paypal.android.sdk.payments.ProfileSharingConsentActivity" />
234-->[com.paypal.sdk:paypal-android-sdk:2.14.2] AndroidManifest.xml:21:9-98
234-->[com.paypal.sdk:paypal-android-sdk:2.14.2] AndroidManifest.xml:21:19-95
235
236        <service
236-->[com.paypal.sdk:paypal-android-sdk:2.14.2] AndroidManifest.xml:23:9-25:40
237            android:name="com.paypal.android.sdk.payments.PayPalService"
237-->[com.paypal.sdk:paypal-android-sdk:2.14.2] AndroidManifest.xml:24:13-73
238            android:exported="false" />
238-->[com.paypal.sdk:paypal-android-sdk:2.14.2] AndroidManifest.xml:25:13-37
239
240        <activity
240-->[io.card:android-sdk:5.3.4] AndroidManifest.xml:22:9-24:66
241            android:name="io.card.payment.CardIOActivity"
241-->[io.card:android-sdk:5.3.4] AndroidManifest.xml:23:13-58
242            android:configChanges="keyboardHidden|orientation" />
242-->[io.card:android-sdk:5.3.4] AndroidManifest.xml:24:13-63
243        <activity android:name="io.card.payment.DataEntryActivity" />
243-->[io.card:android-sdk:5.3.4] AndroidManifest.xml:25:9-70
243-->[io.card:android-sdk:5.3.4] AndroidManifest.xml:25:19-67
244    </application>
245
246</manifest>